-------------------------------------------------------------------------------
Test set: com.mycompany.demotestingteam1.DemoTestingTeam1Test
-------------------------------------------------------------------------------
Tests run: 20, Failures: 4, Errors: 0, Skipped: 0, Time elapsed: 0.028 sec <<< FAILURE!
com.mycompany.demotestingteam1.DemoTestingTeam1Test.testInBoundaryLeftMoreOnePassword()  Time elapsed: 0.024 sec  <<< FAILURE!
org.opentest4j.AssertionFailedError: successfull ==> expected: <password must contain at least 1 special character> but was: <successfull>
	at org.junit.jupiter.api.AssertionUtils.fail(AssertionUtils.java:55)
	at org.junit.jupiter.api.AssertionUtils.failNotEqual(AssertionUtils.java:62)
	at org.junit.jupiter.api.AssertEquals.assertEquals(AssertEquals.java:182)
	at org.junit.jupiter.api.Assertions.assertEquals(Assertions.java:1135)
	at com.mycompany.demotestingteam1.DemoTestingTeam1Test.testInBoundaryLeftMoreOnePassword(DemoTestingTeam1Test.java:197)

com.mycompany.demotestingteam1.DemoTestingTeam1Test.testInBoundaryRightPassword()  Time elapsed: 0 sec  <<< FAILURE!
org.opentest4j.AssertionFailedError: successfull ==> expected: <password must contain at least 1 special character> but was: <successfull>
	at org.junit.jupiter.api.AssertionUtils.fail(AssertionUtils.java:55)
	at org.junit.jupiter.api.AssertionUtils.failNotEqual(AssertionUtils.java:62)
	at org.junit.jupiter.api.AssertEquals.assertEquals(AssertEquals.java:182)
	at org.junit.jupiter.api.Assertions.assertEquals(Assertions.java:1135)
	at com.mycompany.demotestingteam1.DemoTestingTeam1Test.testInBoundaryRightPassword(DemoTestingTeam1Test.java:210)

com.mycompany.demotestingteam1.DemoTestingTeam1Test.testBoundaryLeftPassword()  Time elapsed: 0 sec  <<< FAILURE!
org.opentest4j.AssertionFailedError: successfull ==> expected: <password must contain at least 1 special character> but was: <successfull>
	at org.junit.jupiter.api.AssertionUtils.fail(AssertionUtils.java:55)
	at org.junit.jupiter.api.AssertionUtils.failNotEqual(AssertionUtils.java:62)
	at org.junit.jupiter.api.AssertEquals.assertEquals(AssertEquals.java:182)
	at org.junit.jupiter.api.Assertions.assertEquals(Assertions.java:1135)
	at com.mycompany.demotestingteam1.DemoTestingTeam1Test.testBoundaryLeftPassword(DemoTestingTeam1Test.java:185)

com.mycompany.demotestingteam1.DemoTestingTeam1Test.testBoundaryRightPassword()  Time elapsed: 0.001 sec  <<< FAILURE!
org.opentest4j.AssertionFailedError: successfull ==> expected: <password must contain at least 1 special character> but was: <successfull>
	at org.junit.jupiter.api.AssertionUtils.fail(AssertionUtils.java:55)
	at org.junit.jupiter.api.AssertionUtils.failNotEqual(AssertionUtils.java:62)
	at org.junit.jupiter.api.AssertEquals.assertEquals(AssertEquals.java:182)
	at org.junit.jupiter.api.Assertions.assertEquals(Assertions.java:1135)
	at com.mycompany.demotestingteam1.DemoTestingTeam1Test.testBoundaryRightPassword(DemoTestingTeam1Test.java:225)

