-------------------------------------------------------------------------------
Test set: com.mycompany.demotestingteam1.TestingInputPasswordTest
-------------------------------------------------------------------------------
Tests run: 12, Failures: 4, Errors: 0, Skipped: 0, Time elapsed: 0.023 sec <<< FAILURE!
com.mycompany.demotestingteam1.TestingInputPasswordTest.testBoundaryLeftPassword()  Time elapsed: 0.02 sec  <<< FAILURE!
org.opentest4j.AssertionFailedError: successfull ==> expected: <password must contain at least 1 special character> but was: <successfull>
	at org.junit.jupiter.api.AssertionUtils.fail(AssertionUtils.java:55)
	at org.junit.jupiter.api.AssertionUtils.failNotEqual(AssertionUtils.java:62)
	at org.junit.jupiter.api.AssertEquals.assertEquals(AssertEquals.java:182)
	at org.junit.jupiter.api.Assertions.assertEquals(Assertions.java:1135)
	at com.mycompany.demotestingteam1.TestingInputPasswordTest.testBoundaryLeftPassword(TestingInputPasswordTest.java:71)

com.mycompany.demotestingteam1.TestingInputPasswordTest.testBoundaryRightPassword()  Time elapsed: 0 sec  <<< FAILURE!
org.opentest4j.AssertionFailedError: successfull ==> expected: <password must contain at least 1 special character> but was: <successfull>
	at org.junit.jupiter.api.AssertionUtils.fail(AssertionUtils.java:55)
	at org.junit.jupiter.api.AssertionUtils.failNotEqual(AssertionUtils.java:62)
	at org.junit.jupiter.api.AssertEquals.assertEquals(AssertEquals.java:182)
	at org.junit.jupiter.api.Assertions.assertEquals(Assertions.java:1135)
	at com.mycompany.demotestingteam1.TestingInputPasswordTest.testBoundaryRightPassword(TestingInputPasswordTest.java:111)

com.mycompany.demotestingteam1.TestingInputPasswordTest.testInBoundaryLeftMoreOnePassword()  Time elapsed: 0.001 sec  <<< FAILURE!
org.opentest4j.AssertionFailedError: successfull ==> expected: <password must contain at least 1 special character> but was: <successfull>
	at org.junit.jupiter.api.AssertionUtils.fail(AssertionUtils.java:55)
	at org.junit.jupiter.api.AssertionUtils.failNotEqual(AssertionUtils.java:62)
	at org.junit.jupiter.api.AssertEquals.assertEquals(AssertEquals.java:182)
	at org.junit.jupiter.api.Assertions.assertEquals(Assertions.java:1135)
	at com.mycompany.demotestingteam1.TestingInputPasswordTest.testInBoundaryLeftMoreOnePassword(TestingInputPasswordTest.java:83)

com.mycompany.demotestingteam1.TestingInputPasswordTest.testInBoundaryRightPassword()  Time elapsed: 0 sec  <<< FAILURE!
org.opentest4j.AssertionFailedError: successfull ==> expected: <password must contain at least 1 special character> but was: <successfull>
	at org.junit.jupiter.api.AssertionUtils.fail(AssertionUtils.java:55)
	at org.junit.jupiter.api.AssertionUtils.failNotEqual(AssertionUtils.java:62)
	at org.junit.jupiter.api.AssertEquals.assertEquals(AssertEquals.java:182)
	at org.junit.jupiter.api.Assertions.assertEquals(Assertions.java:1135)
	at com.mycompany.demotestingteam1.TestingInputPasswordTest.testInBoundaryRightPassword(TestingInputPasswordTest.java:96)

