<?xml version="1.0" encoding="UTF-8" ?>
<testsuite tests="20" failures="4" name="com.mycompany.demotestingteam1.DemoTestingTeam1Test" time="0.026" errors="0" skipped="0">
  <properties>
[...]
</properties>
  <testcase classname="com.mycompany.demotestingteam1.DemoTestingTeam1Test" name="com.mycompany.demotestingteam1.DemoTestingTeam1Test.testOutBoundaryLeftUserName" time="0.001"/>
  <testcase classname="com.mycompany.demotestingteam1.DemoTestingTeam1Test" name="com.mycompany.demotestingteam1.DemoTestingTeam1Test.testInBoundaryLeftMoreOneUserName" time="0"/>
  <testcase classname="com.mycompany.demotestingteam1.DemoTestingTeam1Test" name="com.mycompany.demotestingteam1.DemoTestingTeam1Test.testInBoundaryRightUserName" time="0"/>
  <testcase classname="com.mycompany.demotestingteam1.DemoTestingTeam1Test" name="com.mycompany.demotestingteam1.DemoTestingTeam1Test.testOutBoundaryRightMoreOneUserName" time="0"/>
  <testcase classname="com.mycompany.demotestingteam1.DemoTestingTeam1Test" name="com.mycompany.demotestingteam1.DemoTestingTeam1Test.testOutBoundaryLeftPassword" time="0"/>
  <testcase classname="com.mycompany.demotestingteam1.DemoTestingTeam1Test" name="com.mycompany.demotestingteam1.DemoTestingTeam1Test.testInBoundaryLeftMoreOnePassword" time="0.024">
    <failure message="successfull ==&gt; expected: &lt;password must contain at least 1 special character&gt; but was: &lt;successfull&gt;" type="org.opentest4j.AssertionFailedError">org.opentest4j.AssertionFailedError: successfull ==&gt; expected: &lt;password must contain at least 1 special character&gt; but was: &lt;successfull&gt;
	at org.junit.jupiter.api.AssertionUtils.fail(AssertionUtils.java:55)
	at org.junit.jupiter.api.AssertionUtils.failNotEqual(AssertionUtils.java:62)
	at org.junit.jupiter.api.AssertEquals.assertEquals(AssertEquals.java:182)
	at org.junit.jupiter.api.Assertions.assertEquals(Assertions.java:1135)
	at com.mycompany.demotestingteam1.DemoTestingTeam1Test.testInBoundaryLeftMoreOnePassword(DemoTestingTeam1Test.java:197)
</failure>
  </testcase>
  <testcase classname="com.mycompany.demotestingteam1.DemoTestingTeam1Test" name="com.mycompany.demotestingteam1.DemoTestingTeam1Test.testInBoundaryRightPassword" time="0">
    <failure message="successfull ==&gt; expected: &lt;password must contain at least 1 special character&gt; but was: &lt;successfull&gt;" type="org.opentest4j.AssertionFailedError">org.opentest4j.AssertionFailedError: successfull ==&gt; expected: &lt;password must contain at least 1 special character&gt; but was: &lt;successfull&gt;
	at org.junit.jupiter.api.AssertionUtils.fail(AssertionUtils.java:55)
	at org.junit.jupiter.api.AssertionUtils.failNotEqual(AssertionUtils.java:62)
	at org.junit.jupiter.api.AssertEquals.assertEquals(AssertEquals.java:182)
	at org.junit.jupiter.api.Assertions.assertEquals(Assertions.java:1135)
	at com.mycompany.demotestingteam1.DemoTestingTeam1Test.testInBoundaryRightPassword(DemoTestingTeam1Test.java:210)
</failure>
  </testcase>
  <testcase classname="com.mycompany.demotestingteam1.DemoTestingTeam1Test" name="com.mycompany.demotestingteam1.DemoTestingTeam1Test.testOutBoundaryRightMoreOnePassword" time="0"/>
  <testcase classname="com.mycompany.demotestingteam1.DemoTestingTeam1Test" name="com.mycompany.demotestingteam1.DemoTestingTeam1Test.testCheckEmptyUserName" time="0"/>
  <testcase classname="com.mycompany.demotestingteam1.DemoTestingTeam1Test" name="com.mycompany.demotestingteam1.DemoTestingTeam1Test.testCheckBlankUserName" time="0"/>
  <testcase classname="com.mycompany.demotestingteam1.DemoTestingTeam1Test" name="com.mycompany.demotestingteam1.DemoTestingTeam1Test.testBoundaryLeftUserName" time="0"/>
  <testcase classname="com.mycompany.demotestingteam1.DemoTestingTeam1Test" name="com.mycompany.demotestingteam1.DemoTestingTeam1Test.testBoundaryRightUserName" time="0"/>
  <testcase classname="com.mycompany.demotestingteam1.DemoTestingTeam1Test" name="com.mycompany.demotestingteam1.DemoTestingTeam1Test.testCheckEmptyPassword" time="0"/>
  <testcase classname="com.mycompany.demotestingteam1.DemoTestingTeam1Test" name="com.mycompany.demotestingteam1.DemoTestingTeam1Test.testCheckBlankPassword" time="0"/>
  <testcase classname="com.mycompany.demotestingteam1.DemoTestingTeam1Test" name="com.mycompany.demotestingteam1.DemoTestingTeam1Test.testBoundaryLeftPassword" time="0">
    <failure message="successfull ==&gt; expected: &lt;password must contain at least 1 special character&gt; but was: &lt;successfull&gt;" type="org.opentest4j.AssertionFailedError">org.opentest4j.AssertionFailedError: successfull ==&gt; expected: &lt;password must contain at least 1 special character&gt; but was: &lt;successfull&gt;
	at org.junit.jupiter.api.AssertionUtils.fail(AssertionUtils.java:55)
	at org.junit.jupiter.api.AssertionUtils.failNotEqual(AssertionUtils.java:62)
	at org.junit.jupiter.api.AssertEquals.assertEquals(AssertEquals.java:182)
	at org.junit.jupiter.api.Assertions.assertEquals(Assertions.java:1135)
	at com.mycompany.demotestingteam1.DemoTestingTeam1Test.testBoundaryLeftPassword(DemoTestingTeam1Test.java:185)
</failure>
  </testcase>
  <testcase classname="com.mycompany.demotestingteam1.DemoTestingTeam1Test" name="com.mycompany.demotestingteam1.DemoTestingTeam1Test.testBoundaryRightPassword" time="0.001">
    <failure message="successfull ==&gt; expected: &lt;password must contain at least 1 special character&gt; but was: &lt;successfull&gt;" type="org.opentest4j.AssertionFailedError">org.opentest4j.AssertionFailedError: successfull ==&gt; expected: &lt;password must contain at least 1 special character&gt; but was: &lt;successfull&gt;
	at org.junit.jupiter.api.AssertionUtils.fail(AssertionUtils.java:55)
	at org.junit.jupiter.api.AssertionUtils.failNotEqual(AssertionUtils.java:62)
	at org.junit.jupiter.api.AssertEquals.assertEquals(AssertEquals.java:182)
	at org.junit.jupiter.api.Assertions.assertEquals(Assertions.java:1135)
	at com.mycompany.demotestingteam1.DemoTestingTeam1Test.testBoundaryRightPassword(DemoTestingTeam1Test.java:225)
</failure>
  </testcase>
  <testcase classname="com.mycompany.demotestingteam1.DemoTestingTeam1Test" name="com.mycompany.demotestingteam1.DemoTestingTeam1Test.testNotContainsSpecialChar" time="0"/>
  <testcase classname="com.mycompany.demotestingteam1.DemoTestingTeam1Test" name="com.mycompany.demotestingteam1.DemoTestingTeam1Test.testContainsSpecialChar" time="0"/>
  <testcase classname="com.mycompany.demotestingteam1.DemoTestingTeam1Test" name="com.mycompany.demotestingteam1.DemoTestingTeam1Test.testNotContainsUppercase" time="0"/>
  <testcase classname="com.mycompany.demotestingteam1.DemoTestingTeam1Test" name="com.mycompany.demotestingteam1.DemoTestingTeam1Test.testContainsUppercase" time="0"/>
</testsuite>