<?xml version="1.0" encoding="UTF-8" ?>
<testsuite tests="12" failures="4" name="com.mycompany.demotestingteam1.TestingInputPasswordTest" time="0.022" errors="0" skipped="0">
  <properties>
[...]
</properties>
  <testcase classname="com.mycompany.demotestingteam1.TestingInputPasswordTest" name="com.mycompany.demotestingteam1.TestingInputPasswordTest.testCheckEmptyPassword" time="0.001"/>
  <testcase classname="com.mycompany.demotestingteam1.TestingInputPasswordTest" name="com.mycompany.demotestingteam1.TestingInputPasswordTest.testCheckBlankPassword" time="0"/>
  <testcase classname="com.mycompany.demotestingteam1.TestingInputPasswordTest" name="com.mycompany.demotestingteam1.TestingInputPasswordTest.testBoundaryLeftPassword" time="0.02">
    <failure message="successfull ==&gt; expected: &lt;password must contain at least 1 special character&gt; but was: &lt;successfull&gt;" type="org.opentest4j.AssertionFailedError">org.opentest4j.AssertionFailedError: successfull ==&gt; expected: &lt;password must contain at least 1 special character&gt; but was: &lt;successfull&gt;
	at org.junit.jupiter.api.AssertionUtils.fail(AssertionUtils.java:55)
	at org.junit.jupiter.api.AssertionUtils.failNotEqual(AssertionUtils.java:62)
	at org.junit.jupiter.api.AssertEquals.assertEquals(AssertEquals.java:182)
	at org.junit.jupiter.api.Assertions.assertEquals(Assertions.java:1135)
	at com.mycompany.demotestingteam1.TestingInputPasswordTest.testBoundaryLeftPassword(TestingInputPasswordTest.java:71)
</failure>
  </testcase>
  <testcase classname="com.mycompany.demotestingteam1.TestingInputPasswordTest" name="com.mycompany.demotestingteam1.TestingInputPasswordTest.testBoundaryRightPassword" time="0">
    <failure message="successfull ==&gt; expected: &lt;password must contain at least 1 special character&gt; but was: &lt;successfull&gt;" type="org.opentest4j.AssertionFailedError">org.opentest4j.AssertionFailedError: successfull ==&gt; expected: &lt;password must contain at least 1 special character&gt; but was: &lt;successfull&gt;
	at org.junit.jupiter.api.AssertionUtils.fail(AssertionUtils.java:55)
	at org.junit.jupiter.api.AssertionUtils.failNotEqual(AssertionUtils.java:62)
	at org.junit.jupiter.api.AssertEquals.assertEquals(AssertEquals.java:182)
	at org.junit.jupiter.api.Assertions.assertEquals(Assertions.java:1135)
	at com.mycompany.demotestingteam1.TestingInputPasswordTest.testBoundaryRightPassword(TestingInputPasswordTest.java:111)
</failure>
  </testcase>
  <testcase classname="com.mycompany.demotestingteam1.TestingInputPasswordTest" name="com.mycompany.demotestingteam1.TestingInputPasswordTest.testNotContainsSpecialChar" time="0"/>
  <testcase classname="com.mycompany.demotestingteam1.TestingInputPasswordTest" name="com.mycompany.demotestingteam1.TestingInputPasswordTest.testContainsSpecialChar" time="0"/>
  <testcase classname="com.mycompany.demotestingteam1.TestingInputPasswordTest" name="com.mycompany.demotestingteam1.TestingInputPasswordTest.testNotContainsUppercase" time="0"/>
  <testcase classname="com.mycompany.demotestingteam1.TestingInputPasswordTest" name="com.mycompany.demotestingteam1.TestingInputPasswordTest.testContainsUppercase" time="0"/>
  <testcase classname="com.mycompany.demotestingteam1.TestingInputPasswordTest" name="com.mycompany.demotestingteam1.TestingInputPasswordTest.testOutBoundaryLeftPassword" time="0"/>
  <testcase classname="com.mycompany.demotestingteam1.TestingInputPasswordTest" name="com.mycompany.demotestingteam1.TestingInputPasswordTest.testInBoundaryLeftMoreOnePassword" time="0.001">
    <failure message="successfull ==&gt; expected: &lt;password must contain at least 1 special character&gt; but was: &lt;successfull&gt;" type="org.opentest4j.AssertionFailedError">org.opentest4j.AssertionFailedError: successfull ==&gt; expected: &lt;password must contain at least 1 special character&gt; but was: &lt;successfull&gt;
	at org.junit.jupiter.api.AssertionUtils.fail(AssertionUtils.java:55)
	at org.junit.jupiter.api.AssertionUtils.failNotEqual(AssertionUtils.java:62)
	at org.junit.jupiter.api.AssertEquals.assertEquals(AssertEquals.java:182)
	at org.junit.jupiter.api.Assertions.assertEquals(Assertions.java:1135)
	at com.mycompany.demotestingteam1.TestingInputPasswordTest.testInBoundaryLeftMoreOnePassword(TestingInputPasswordTest.java:83)
</failure>
  </testcase>
  <testcase classname="com.mycompany.demotestingteam1.TestingInputPasswordTest" name="com.mycompany.demotestingteam1.TestingInputPasswordTest.testInBoundaryRightPassword" time="0">
    <failure message="successfull ==&gt; expected: &lt;password must contain at least 1 special character&gt; but was: &lt;successfull&gt;" type="org.opentest4j.AssertionFailedError">org.opentest4j.AssertionFailedError: successfull ==&gt; expected: &lt;password must contain at least 1 special character&gt; but was: &lt;successfull&gt;
	at org.junit.jupiter.api.AssertionUtils.fail(AssertionUtils.java:55)
	at org.junit.jupiter.api.AssertionUtils.failNotEqual(AssertionUtils.java:62)
	at org.junit.jupiter.api.AssertEquals.assertEquals(AssertEquals.java:182)
	at org.junit.jupiter.api.Assertions.assertEquals(Assertions.java:1135)
	at com.mycompany.demotestingteam1.TestingInputPasswordTest.testInBoundaryRightPassword(TestingInputPasswordTest.java:96)
</failure>
  </testcase>
  <testcase classname="com.mycompany.demotestingteam1.TestingInputPasswordTest" name="com.mycompany.demotestingteam1.TestingInputPasswordTest.testOutBoundaryRightMoreOnePassword" time="0"/>
</testsuite>