<?xml version="1.0" encoding="UTF-8" ?>
<testsuite tests="8" failures="1" name="com.mycompany.demotestingteam1.InputUsernameTest" time="0.02" errors="0" skipped="0">
  <properties>
[...]
</properties>
  <testcase classname="com.mycompany.demotestingteam1.InputUsernameTest" name="com.mycompany.demotestingteam1.InputUsernameTest.testOutBoundaryLeftUserName" time="0.001"/>
  <testcase classname="com.mycompany.demotestingteam1.InputUsernameTest" name="com.mycompany.demotestingteam1.InputUsernameTest.testInBoundaryLeftMoreOneUserName" time="0"/>
  <testcase classname="com.mycompany.demotestingteam1.InputUsernameTest" name="com.mycompany.demotestingteam1.InputUsernameTest.testInBoundaryRightUserName" time="0"/>
  <testcase classname="com.mycompany.demotestingteam1.InputUsernameTest" name="com.mycompany.demotestingteam1.InputUsernameTest.testOutBoundaryRightMoreOneUserName" time="0"/>
  <testcase classname="com.mycompany.demotestingteam1.InputUsernameTest" name="com.mycompany.demotestingteam1.InputUsernameTest.testCheckEmptyUserName" time="0"/>
  <testcase classname="com.mycompany.demotestingteam1.InputUsernameTest" name="com.mycompany.demotestingteam1.InputUsernameTest.testCheckBlankUserName" time="0.019">
    <failure message="username is blank ==&gt; expected: &lt;successfull&gt; but was: &lt;username is blank&gt;" type="org.opentest4j.AssertionFailedError">org.opentest4j.AssertionFailedError: username is blank ==&gt; expected: &lt;successfull&gt; but was: &lt;username is blank&gt;
	at org.junit.jupiter.api.AssertionFailureBuilder.build(AssertionFailureBuilder.java:151)
	at org.junit.jupiter.api.AssertionFailureBuilder.buildAndThrow(AssertionFailureBuilder.java:132)
	at org.junit.jupiter.api.AssertEquals.failNotEqual(AssertEquals.java:197)
	at org.junit.jupiter.api.AssertEquals.assertEquals(AssertEquals.java:182)
	at org.junit.jupiter.api.Assertions.assertEquals(Assertions.java:1153)
	at com.mycompany.demotestingteam1.InputUsernameTest.testCheckBlankUserName(InputUsernameTest.java:45)
</failure>
  </testcase>
  <testcase classname="com.mycompany.demotestingteam1.InputUsernameTest" name="com.mycompany.demotestingteam1.InputUsernameTest.testBoundaryLeftUserName" time="0"/>
  <testcase classname="com.mycompany.demotestingteam1.InputUsernameTest" name="com.mycompany.demotestingteam1.InputUsernameTest.testBoundaryRightUserName" time="0"/>
</testsuite>